[2022-09-13 19:03:51]: Connected to MongoDB 
[2022-09-13 19:03:51]: Listening: http://localhost:5000 
[2022-09-13 19:04:07]: Error: 404 - Not Found - /api/ 
[2022-09-13 19:04:25]: Error: 404 - Not Found - / 
[2022-09-13 19:04:26]: Error: 404 - Not Found - /favicon.ico 
[2022-09-13 19:08:52]: Connected to MongoDB 
[2022-09-13 19:08:52]: Listening: http://localhost:5000 
[2022-09-13 19:10:03]: Connected to MongoDB 
[2022-09-13 19:10:03]: Listening: http://localhost:5000 
[2022-09-13 19:10:58]: Connected to MongoDB 
[2022-09-13 19:10:58]: Listening: http://localhost:5000 
[2022-09-13 19:13:04]: Connected to MongoDB 
[2022-09-13 19:13:04]: Listening: http://localhost:5000 
[2022-09-13 19:14:54]: Connected to MongoDB 
[2022-09-13 19:14:54]: Listening: http://localhost:5000 
[2022-09-13 19:14:57]: [object Object] 
[2022-09-13 19:17:28]: Listening: http://localhost:5000 
[2022-09-13 19:17:28]: Connected to MongoDB 
[2022-09-13 19:19:25]: Connected to MongoDB 
[2022-09-13 19:19:25]: Listening: http://localhost:5000 
[2022-09-13 19:19:43]: Connected to MongoDB 
[2022-09-13 19:19:43]: Listening: http://localhost:5000 
[2022-09-13 19:20:40]: Connected to MongoDB 
[2022-09-13 19:20:40]: Listening: http://localhost:5000 
[2022-09-13 19:20:49]: Connected to MongoDB 
[2022-09-13 19:20:49]: Listening: http://localhost:5000 
[2022-09-13 19:21:09]: Error: 404 - Not Found - / 
[2022-09-13 19:24:40]: Connected to MongoDB 
[2022-09-13 19:24:40]: Listening: http://localhost:5000 
[2022-09-13 19:25:52]: Error: 404 - Not Found - /api/contact/response/add 
[2022-09-13 19:47:53]: Connected to MongoDB 
[2022-09-13 19:47:53]: Listening: http://localhost:5000 
[2022-09-13 19:49:36]: Connected to MongoDB 
[2022-09-13 19:49:36]: Listening: http://localhost:5000 
